[  2%] Built target gazebo_ros_template
[  5%] Built target gazebo_ros_vacuum_gripper
[  7%] Built target gazebo_ros_range
[ 10%] Built target gazebo_ros_hand_of_god
[ 10%] Built target sensor_msgs_generate_messages_py
[ 10%] Built target actionlib_msgs_generate_messages_cpp
[ 10%] Built target nav_msgs_generate_messages_eus
[ 10%] Built target bond_generate_messages_py
[ 10%] Built target nodelet_generate_messages_py
[ 10%] Built target bond_generate_messages_nodejs
[ 10%] Built target nodelet_generate_messages_nodejs
[ 10%] Built target nodelet_generate_messages_lisp
[ 10%] Built target rosgraph_msgs_generate_messages_nodejs
[ 10%] Built target roscpp_generate_messages_nodejs
[ 10%] Built target roscpp_generate_messages_eus
[ 10%] Built target rosgraph_msgs_generate_messages_cpp
[ 10%] Built target trajectory_msgs_generate_messages_py
[ 10%] Built target actionlib_generate_messages_eus
[ 10%] Built target rosgraph_msgs_generate_messages_eus
[ 10%] Built target polled_camera_generate_messages_nodejs
[ 10%] Built target std_srvs_generate_messages_eus
[ 10%] Built target std_msgs_generate_messages_lisp
[ 10%] Built target nav_msgs_generate_messages_cpp
[ 10%] Built target gazebo_msgs_generate_messages_lisp
[ 10%] Built target bond_generate_messages_cpp
[ 10%] Built target dynamic_reconfigure_generate_messages_nodejs
[ 10%] Built target tf2_msgs_generate_messages_py
[ 10%] Built target actionlib_msgs_generate_messages_lisp
[ 10%] Built target actionlib_msgs_generate_messages_nodejs
[ 10%] Built target tf_generate_messages_py
[ 10%] Built target geometry_msgs_generate_messages_lisp
[ 10%] Built target gazebo_msgs_generate_messages_eus
[ 10%] Built target geometry_msgs_generate_messages_nodejs
[ 10%] Built target dynamic_reconfigure_generate_messages_eus
[ 10%] Built target trajectory_msgs_generate_messages_cpp
[ 10%] Built target diagnostic_msgs_generate_messages_cpp
[ 10%] Built target rosgraph_msgs_generate_messages_py
[ 10%] Built target nav_msgs_generate_messages_nodejs
[ 10%] Built target rosgraph_msgs_generate_messages_lisp
[ 10%] Built target sensor_msgs_generate_messages_cpp
[ 10%] Built target tf_generate_messages_eus
[ 10%] Built target gazebo_msgs_generate_messages_cpp
[ 10%] Built target std_msgs_generate_messages_py
[ 10%] Built target std_srvs_generate_messages_lisp
[ 10%] Built target roscpp_generate_messages_lisp
[ 10%] Built target std_msgs_generate_messages_eus
[ 10%] Built target _catkin_empty_exported_target
[ 10%] Built target nodelet_generate_messages_eus
[ 10%] Built target trajectory_msgs_generate_messages_nodejs
[ 10%] Built target gazebo_msgs_generate_messages_nodejs
[ 10%] Built target diagnostic_msgs_generate_messages_eus
[ 10%] Built target trajectory_msgs_generate_messages_lisp
[ 10%] Built target geometry_msgs_generate_messages_eus
[ 10%] Built target geometry_msgs_generate_messages_cpp
[ 10%] Built target tf2_msgs_generate_messages_eus
[ 10%] Built target tf_generate_messages_lisp
[ 10%] Built target geometry_msgs_generate_messages_py
[ 10%] Built target bond_generate_messages_lisp
[ 10%] Built target sensor_msgs_generate_messages_eus
[ 10%] Built target roscpp_generate_messages_py
[ 10%] Built target sensor_msgs_generate_messages_nodejs
[ 10%] Built target std_msgs_generate_messages_cpp
[ 10%] Built target std_msgs_generate_messages_nodejs
[ 10%] Built target gazebo_msgs_generate_messages_py
[ 10%] Built target std_srvs_generate_messages_cpp
[ 10%] Built target trajectory_msgs_generate_messages_eus
[ 10%] Built target roscpp_generate_messages_cpp
[ 10%] Built target actionlib_msgs_generate_messages_eus
[ 10%] Built target dynamic_reconfigure_generate_messages_py
[ 10%] Built target actionlib_msgs_generate_messages_py
[ 10%] Built target tf_generate_messages_cpp
[ 10%] Built target actionlib_generate_messages_cpp
[ 10%] Built target tf_generate_messages_nodejs
[ 10%] Built target actionlib_generate_messages_lisp
[ 10%] Built target actionlib_generate_messages_nodejs
[ 10%] Built target std_srvs_generate_messages_py
[ 10%] Built target diagnostic_msgs_generate_messages_lisp
[ 10%] Built target actionlib_generate_messages_py
[ 10%] Built target tf2_msgs_generate_messages_cpp
[ 10%] Built target dynamic_reconfigure_generate_messages_lisp
[ 10%] Built target nav_msgs_generate_messages_lisp
[ 10%] Built target diagnostic_msgs_generate_messages_py
[ 10%] Built target tf2_msgs_generate_messages_lisp
[ 10%] Built target dynamic_reconfigure_generate_messages_cpp
[ 10%] Built target dynamic_reconfigure_gencfg
[ 10%] Built target polled_camera_generate_messages_lisp
[ 10%] Built target polled_camera_generate_messages_cpp
[ 10%] Built target polled_camera_generate_messages_eus
[ 10%] Built target polled_camera_generate_messages_py
[ 10%] Built target diagnostic_msgs_generate_messages_nodejs
[ 10%] Built target bond_generate_messages_eus
[ 10%] Built target std_srvs_generate_messages_nodejs
[ 10%] Built target nav_msgs_generate_messages_py
[ 10%] Built target nodelet_generate_messages_cpp
[ 10%] Built target sensor_msgs_generate_messages_lisp
[ 10%] Built target tf2_msgs_generate_messages_nodejs
[ 12%] Built target gazebo_ros_f3d
[ 17%] Built target gazebo_ros_block_laser
[ 17%] Built target gazebo_ros_utils
[ 20%] Built target gazebo_ros_skid_steer_drive
[ 23%] Built target gazebo_ros_ft_sensor
[ 25%] Built target gazebo_ros_planar_move
[ 28%] Built target gazebo_ros_video
[ 30%] Built target gazebo_ros_diff_drive
[ 33%] Built target gazebo_ros_joint_pose_trajectory
[ 35%] Built target pub_joint_trajectory_test
[ 38%] Built target gazebo_ros_harness
[ 41%] Built target gazebo_ros_joint_trajectory
[ 43%] Built target MultiCameraPlugin
[ 46%] Built target gazebo_ros_imu_sensor
[ 48%] Built target gazebo_ros_gpu_laser
[ 51%] Built target gazebo_ros_laser
[ 53%] Built target gazebo_ros_p3d
[ 56%] Built target gazebo_ros_imu
[ 58%] Built target gazebo_ros_bumper
[ 61%] Built target gazebo_ros_projector
[ 66%] Built target gazebo_plugins_gencfg
[ 69%] Built target gazebo_ros_force
[ 71%] Built target gazebo_ros_joint_state_publisher
[ 74%] Built target hokuyo_node
[ 76%] Built target gazebo_ros_tricycle_drive
[ 79%] Built target vision_reconfigure
[ 82%] Built target gazebo_ros_camera_utils
[ 87%] Built target camera_synchronizer
[ 87%] Built target gazebo_ros_elevator
[ 89%] Built target gazebo_ros_camera
[ 92%] Built target gazebo_ros_prosilica
[ 97%] Built target gazebo_ros_multicamera
[ 97%] Built target gazebo_ros_depth_camera
[100%] Built target gazebo_ros_openni_kinect
