CMake Warning (dev) at CMakeLists.txt:2 (project):
  Policy CMP0048 is not set: project() command manages VERSION variables.
  Run "cmake --help-policy CMP0048" for policy details.  Use the cmake_policy
  command to set the policy and suppress this warning.

  The following variable(s) would be set to empty:

    CMAKE_PROJECT_VERSION
    CMAKE_PROJECT_VERSION_MAJOR
    CMAKE_PROJECT_VERSION_MINOR
    CMAKE_PROJECT_VERSION_PATCH
This warning is for project developers.  Use -Wno-dev to suppress it.

[36m--[0m Using CATKIN_DEVEL_PREFIX: /home/mgs09/tiago_public_ws/devel/.private/DETECTOR
[36m--[0m Using CMAKE_PREFIX_PATH: /home/mgs09/tiago_public_ws/devel;/opt/ros/noetic
[36m--[0m This workspace overlays: /home/mgs09/tiago_public_ws/devel;/opt/ros/noetic
[36m--[0m Using PYTHON_EXECUTABLE: /usr/bin/python3
[36m--[0m Using Debian Python package layout
[36m--[0m Using empy: /usr/lib/python3/dist-packages/em.py
[36m--[0m Using CATKIN_ENABLE_TESTING: 0
[36m--[0m catkin 0.8.10
[36m--[0m BUILD_SHARED_LIBS is on
[33mWARNING: Package name "DETECTOR" does not follow the naming conventions. It should start with a lower case letter and only contain lower case letters, digits, underscores, and dashes.[0m
[36m--[0m Configuring done
[36m--[0m Generating done
[36m--[0m Build files have been written to: /home/mgs09/tiago_public_ws/build/DETECTOR
